<?xml version="1.0" encoding="UTF-8"?>
<!-- Generated by org.testng.reporters.JUnitXMLReporter -->
<testsuite ignored="0" hostname="EGM-SANGRAMJIT-AG.local" failures="0" tests="3" name="Default test" time="39.049" errors="0" timestamp="29 Sep 2023 12:51:17 GMT">
  <testcase classname="tests.BaseClass" name="sampleTest" time="0.002"/>
  <testcase classname="tests.ShirtPageTest" name="testOne" time="4.79"/>
  <testcase classname="tests.ShirtPageTest" name="testTwo" time="28.563"/>
</testsuite> <!-- Default test -->
